Copyright 1986-2020 Xilinx, Inc. All Rights Reserved.
--------------------------------------------------------------------------------------------------------------
| Tool Version : Vivado v.2020.1 (lin64) Build 2902540 Wed May 27 19:54:35 MDT 2020
| Date         : Wed Jul  6 01:16:12 2022
| Host         : gautham-Inspiron-5570 running 64-bit Ubuntu 20.04.4 LTS
| Command      : report_utilization -hierarchical -file digilent_nexys4ddr_utilization_hierarchical_synth.rpt
| Design       : digilent_nexys4ddr
| Device       : 7a100tcsg324-1
| Design State : Synthesized
--------------------------------------------------------------------------------------------------------------

Utilization Design Information

Table of Contents
-----------------
1. Utilization by Hierarchy

1. Utilization by Hierarchy
---------------------------

+----------------------------+------------------+------------+------------+---------+------+-------+--------+--------+------------+
|          Instance          |      Module      | Total LUTs | Logic LUTs | LUTRAMs | SRLs |  FFs  | RAMB36 | RAMB18 | DSP Blocks |
+----------------------------+------------------+------------+------------+---------+------+-------+--------+--------+------------+
| digilent_nexys4ddr         |            (top) |      21355 |      21209 |     144 |    2 | 10690 |     11 |     25 |          4 |
|   (digilent_nexys4ddr)     |            (top) |       2536 |       2390 |     144 |    2 |  1956 |     10 |     17 |          0 |
|   Cfu                      |              Cfu |      15324 |      15324 |       0 |    0 |  7270 |      0 |      0 |          0 |
|     (Cfu)                  |              Cfu |        178 |        178 |       0 |    0 |  2262 |      0 |      0 |          0 |
|     m00                    |              mac |        490 |        490 |       0 |    0 |   307 |      0 |      0 |          0 |
|     m01                    |            mac_0 |        490 |        490 |       0 |    0 |   307 |      0 |      0 |          0 |
|     m02                    |            mac_1 |        490 |        490 |       0 |    0 |   307 |      0 |      0 |          0 |
|     m03                    |            mac_2 |       3695 |       3695 |       0 |    0 |   371 |      0 |      0 |          0 |
|     m04                    |            mac_3 |       1102 |       1102 |       0 |    0 |   307 |      0 |      0 |          0 |
|     m05                    |            mac_4 |       1182 |       1182 |       0 |    0 |   339 |      0 |      0 |          0 |
|     m06                    |            mac_5 |        846 |        846 |       0 |    0 |   307 |      0 |      0 |          0 |
|     m07                    |            mac_6 |       1135 |       1135 |       0 |    0 |   307 |      0 |      0 |          0 |
|     m08                    |            mac_7 |        846 |        846 |       0 |    0 |   307 |      0 |      0 |          0 |
|     m09                    |            mac_8 |        590 |        590 |       0 |    0 |   307 |      0 |      0 |          0 |
|     m10                    |            mac_9 |       1002 |       1002 |       0 |    0 |   307 |      0 |      0 |          0 |
|     m11                    |           mac_10 |       1034 |       1034 |       0 |    0 |   307 |      0 |      0 |          0 |
|     m12                    |           mac_11 |        590 |        590 |       0 |    0 |   307 |      0 |      0 |          0 |
|     m13                    |           mac_12 |       1002 |       1002 |       0 |    0 |   307 |      0 |      0 |          0 |
|     m14                    |           mac_13 |        590 |        590 |       0 |    0 |   307 |      0 |      0 |          0 |
|     m15                    |           mac_14 |        622 |        622 |       0 |    0 |   307 |      0 |      0 |          0 |
|   VexRiscv                 |         VexRiscv |       3555 |       3555 |       0 |    0 |  1464 |      1 |      8 |          4 |
|     (VexRiscv)             |         VexRiscv |       2215 |       2215 |       0 |    0 |  1297 |      0 |      2 |          4 |
|     IBusCachedPlugin_cache | InstructionCache |        757 |        757 |       0 |    0 |   101 |      0 |      2 |          0 |
|     dataCache_1            |        DataCache |        583 |        583 |       0 |    0 |    66 |      1 |      4 |          0 |
+----------------------------+------------------+------------+------------+---------+------+-------+--------+--------+------------+


